2024-05-13T16:40:09.971+03:00  INFO 18536 --- [main] r.k.DemoApplication                      : Starting DemoApplication using Java 21.0.3 with PID 18536 (D:\Java\spring-boot-recipes\target\classes started by Asher in D:\Java\spring-boot-recipes)
2024-05-13T16:40:09.979+03:00  INFO 18536 --- [main] r.k.DemoApplication                      : No active profile set, falling back to 1 default profile: "default"
2024-05-13T16:40:10.039+03:00  INFO 18536 --- [main] .s.b.d.c.l.DockerComposeLifecycleManager : Using Docker Compose file 'D:\Java\spring-boot-recipes\docker-compose.yaml'
2024-05-13T16:40:30.311+03:00  INFO 17632 --- [main] r.k.DemoApplication                      : Starting DemoApplication using Java 21.0.3 with PID 17632 (D:\Java\spring-boot-recipes\target\classes started by Asher in D:\Java\spring-boot-recipes)
2024-05-13T16:40:30.321+03:00  INFO 17632 --- [main] r.k.DemoApplication                      : No active profile set, falling back to 1 default profile: "default"
2024-05-13T16:40:30.379+03:00  INFO 17632 --- [main] .s.b.d.c.l.DockerComposeLifecycleManager : Using Docker Compose file 'D:\Java\spring-boot-recipes\docker-compose.yaml'
2024-05-13T16:40:39.567+03:00  INFO 17632 --- [main] .s.b.d.c.l.DockerComposeLifecycleManager : There are already Docker Compose services running, skipping startup
2024-05-13T16:42:02.931+03:00  INFO 8200 --- [main] r.k.DemoApplication                      : Starting DemoApplication using Java 21.0.3 with PID 8200 (D:\Java\spring-boot-recipes\target\classes started by Asher in D:\Java\spring-boot-recipes)
2024-05-13T16:42:02.939+03:00  INFO 8200 --- [main] r.k.DemoApplication                      : No active profile set, falling back to 1 default profile: "default"
2024-05-13T16:42:02.993+03:00  INFO 8200 --- [main] .s.b.d.c.l.DockerComposeLifecycleManager : Using Docker Compose file 'D:\Java\spring-boot-recipes\docker-compose.yaml'
2024-05-13T16:42:12.040+03:00  INFO 8200 --- [main] .s.b.d.c.l.DockerComposeLifecycleManager : There are already Docker Compose services running, skipping startup
2024-05-13T16:44:36.069+03:00  INFO 23168 --- [main] r.k.DemoApplication                      : Starting DemoApplication using Java 21.0.3 with PID 23168 (D:\Java\spring-boot-recipes\target\classes started by Asher in D:\Java\spring-boot-recipes)
2024-05-13T16:44:36.076+03:00  INFO 23168 --- [main] r.k.DemoApplication                      : No active profile set, falling back to 1 default profile: "default"
2024-05-13T16:44:36.135+03:00  INFO 23168 --- [main] .s.b.d.c.l.DockerComposeLifecycleManager : Using Docker Compose file 'D:\Java\spring-boot-recipes\docker-compose.yaml'
2024-05-13T16:44:46.187+03:00  INFO 23168 --- [OutputReader-stderr] o.s.b.d.c.c.DockerCli                    :  Container spring-boot-recipes-postgres-1  Created
2024-05-13T16:44:46.191+03:00  INFO 23168 --- [OutputReader-stderr] o.s.b.d.c.c.DockerCli                    :  Container spring-boot-recipes-postgres-1  Starting
2024-05-13T16:44:46.616+03:00  INFO 23168 --- [OutputReader-stderr] o.s.b.d.c.c.DockerCli                    :  Container spring-boot-recipes-postgres-1  Started
2024-05-13T16:44:46.617+03:00  INFO 23168 --- [OutputReader-stderr] o.s.b.d.c.c.DockerCli                    :  Container spring-boot-recipes-postgres-1  Waiting
2024-05-13T16:44:47.123+03:00  INFO 23168 --- [OutputReader-stderr] o.s.b.d.c.c.DockerCli                    :  Container spring-boot-recipes-postgres-1  Healthy
2024-05-13T16:46:50.470+03:00 ERROR 23168 --- [main] o.s.b.SpringApplication                  : Application run failed

org.springframework.boot.docker.compose.lifecycle.ReadinessTimeoutException: Readiness timeout of PT2M reached while waiting for services [spring-boot-recipes-postgres-1]
	at org.springframework.boot.docker.compose.lifecycle.ServiceReadinessChecks.waitUntilReady(ServiceReadinessChecks.java:83) ~[spring-boot-docker-compose-3.2.5.jar:3.2.5]
	at org.springframework.boot.docker.compose.lifecycle.DockerComposeLifecycleManager.start(DockerComposeLifecycleManager.java:139) ~[spring-boot-docker-compose-3.2.5.jar:3.2.5]
	at org.springframework.boot.docker.compose.lifecycle.DockerComposeListener.onApplicationEvent(DockerComposeListener.java:53) ~[spring-boot-docker-compose-3.2.5.jar:3.2.5]
	at org.springframework.boot.docker.compose.lifecycle.DockerComposeListener.onApplicationEvent(DockerComposeListener.java:35) ~[spring-boot-docker-compose-3.2.5.jar:3.2.5]
	at org.springframework.context.event.SimpleApplicationEventMulticaster.doInvokeListener(SimpleApplicationEventMulticaster.java:185) ~[spring-context-6.1.6.jar:6.1.6]
	at org.springframework.context.event.SimpleApplicationEventMulticaster.invokeListener(SimpleApplicationEventMulticaster.java:178) ~[spring-context-6.1.6.jar:6.1.6]
	at org.springframework.context.event.SimpleApplicationEventMulticaster.multicastEvent(SimpleApplicationEventMulticaster.java:156) ~[spring-context-6.1.6.jar:6.1.6]
	at org.springframework.context.event.SimpleApplicationEventMulticaster.multicastEvent(SimpleApplicationEventMulticaster.java:138) ~[spring-context-6.1.6.jar:6.1.6]
	at org.springframework.boot.context.event.EventPublishingRunListener.multicastInitialEvent(EventPublishingRunListener.java:136) ~[spring-boot-3.2.5.jar:3.2.5]
	at org.springframework.boot.context.event.EventPublishingRunListener.contextLoaded(EventPublishingRunListener.java:98) ~[spring-boot-3.2.5.jar:3.2.5]
	at org.springframework.boot.SpringApplicationRunListeners.lambda$contextLoaded$4(SpringApplicationRunListeners.java:72) ~[spring-boot-3.2.5.jar:3.2.5]
	at java.base/java.lang.Iterable.forEach(Iterable.java:75) ~[?:?]
	at org.springframework.boot.SpringApplicationRunListeners.doWithListeners(SpringApplicationRunListeners.java:118) ~[spring-boot-3.2.5.jar:3.2.5]
	at org.springframework.boot.SpringApplicationRunListeners.doWithListeners(SpringApplicationRunListeners.java:112) ~[spring-boot-3.2.5.jar:3.2.5]
	at org.springframework.boot.SpringApplicationRunListeners.contextLoaded(SpringApplicationRunListeners.java:72) ~[spring-boot-3.2.5.jar:3.2.5]
	at org.springframework.boot.SpringApplication.prepareContext(SpringApplication.java:432) [spring-boot-3.2.5.jar:3.2.5]
	at org.springframework.boot.SpringApplication.run(SpringApplication.java:333) [spring-boot-3.2.5.jar:3.2.5]
	at org.springframework.boot.SpringApplication.run(SpringApplication.java:1354) [spring-boot-3.2.5.jar:3.2.5]
	at org.springframework.boot.SpringApplication.run(SpringApplication.java:1343) [spring-boot-3.2.5.jar:3.2.5]
	at ru.kors.DemoApplication.main(DemoApplication.java:18) [classes/:?]
	Suppressed: org.springframework.boot.docker.compose.lifecycle.ServiceNotReadyException: Immediate disconnect while connecting to port 59840
		at org.springframework.boot.docker.compose.lifecycle.TcpConnectServiceReadinessCheck.check(TcpConnectServiceReadinessCheck.java:71) ~[spring-boot-docker-compose-3.2.5.jar:3.2.5]
		at org.springframework.boot.docker.compose.lifecycle.TcpConnectServiceReadinessCheck.check(TcpConnectServiceReadinessCheck.java:58) ~[spring-boot-docker-compose-3.2.5.jar:3.2.5]
		at org.springframework.boot.docker.compose.lifecycle.TcpConnectServiceReadinessCheck.check(TcpConnectServiceReadinessCheck.java:48) ~[spring-boot-docker-compose-3.2.5.jar:3.2.5]
		at org.springframework.boot.docker.compose.lifecycle.ServiceReadinessChecks.check(ServiceReadinessChecks.java:97) ~[spring-boot-docker-compose-3.2.5.jar:3.2.5]
		at org.springframework.boot.docker.compose.lifecycle.ServiceReadinessChecks.waitUntilReady(ServiceReadinessChecks.java:77) ~[spring-boot-docker-compose-3.2.5.jar:3.2.5]
		at org.springframework.boot.docker.compose.lifecycle.DockerComposeLifecycleManager.start(DockerComposeLifecycleManager.java:139) ~[spring-boot-docker-compose-3.2.5.jar:3.2.5]
		at org.springframework.boot.docker.compose.lifecycle.DockerComposeListener.onApplicationEvent(DockerComposeListener.java:53) ~[spring-boot-docker-compose-3.2.5.jar:3.2.5]
		at org.springframework.boot.docker.compose.lifecycle.DockerComposeListener.onApplicationEvent(DockerComposeListener.java:35) ~[spring-boot-docker-compose-3.2.5.jar:3.2.5]
		at org.springframework.context.event.SimpleApplicationEventMulticaster.doInvokeListener(SimpleApplicationEventMulticaster.java:185) ~[spring-context-6.1.6.jar:6.1.6]
		at org.springframework.context.event.SimpleApplicationEventMulticaster.invokeListener(SimpleApplicationEventMulticaster.java:178) ~[spring-context-6.1.6.jar:6.1.6]
		at org.springframework.context.event.SimpleApplicationEventMulticaster.multicastEvent(SimpleApplicationEventMulticaster.java:156) ~[spring-context-6.1.6.jar:6.1.6]
		at org.springframework.context.event.SimpleApplicationEventMulticaster.multicastEvent(SimpleApplicationEventMulticaster.java:138) ~[spring-context-6.1.6.jar:6.1.6]
		at org.springframework.boot.context.event.EventPublishingRunListener.multicastInitialEvent(EventPublishingRunListener.java:136) ~[spring-boot-3.2.5.jar:3.2.5]
		at org.springframework.boot.context.event.EventPublishingRunListener.contextLoaded(EventPublishingRunListener.java:98) ~[spring-boot-3.2.5.jar:3.2.5]
		at org.springframework.boot.SpringApplicationRunListeners.lambda$contextLoaded$4(SpringApplicationRunListeners.java:72) ~[spring-boot-3.2.5.jar:3.2.5]
		at java.base/java.lang.Iterable.forEach(Iterable.java:75) ~[?:?]
		at org.springframework.boot.SpringApplicationRunListeners.doWithListeners(SpringApplicationRunListeners.java:118) ~[spring-boot-3.2.5.jar:3.2.5]
		at org.springframework.boot.SpringApplicationRunListeners.doWithListeners(SpringApplicationRunListeners.java:112) ~[spring-boot-3.2.5.jar:3.2.5]
		at org.springframework.boot.SpringApplicationRunListeners.contextLoaded(SpringApplicationRunListeners.java:72) ~[spring-boot-3.2.5.jar:3.2.5]
		at org.springframework.boot.SpringApplication.prepareContext(SpringApplication.java:432) [spring-boot-3.2.5.jar:3.2.5]
		at org.springframework.boot.SpringApplication.run(SpringApplication.java:333) [spring-boot-3.2.5.jar:3.2.5]
		at org.springframework.boot.SpringApplication.run(SpringApplication.java:1354) [spring-boot-3.2.5.jar:3.2.5]
		at org.springframework.boot.SpringApplication.run(SpringApplication.java:1343) [spring-boot-3.2.5.jar:3.2.5]
		at ru.kors.DemoApplication.main(DemoApplication.java:18) [classes/:?]

2024-05-13T16:47:24.129+03:00  INFO 15440 --- [main] r.k.DemoApplication                      : Starting DemoApplication using Java 21.0.3 with PID 15440 (D:\Java\spring-boot-recipes\target\classes started by Asher in D:\Java\spring-boot-recipes)
2024-05-13T16:47:24.138+03:00  INFO 15440 --- [main] r.k.DemoApplication                      : No active profile set, falling back to 1 default profile: "default"
2024-05-13T16:47:24.188+03:00  INFO 15440 --- [main] .s.b.d.c.l.DockerComposeLifecycleManager : Using Docker Compose file 'D:\Java\spring-boot-recipes\docker-compose.yaml'
2024-05-13T16:47:34.346+03:00  INFO 15440 --- [OutputReader-stderr] o.s.b.d.c.c.DockerCli                    :  Container spring-boot-recipes-postgres-1  Created
2024-05-13T16:47:34.351+03:00  INFO 15440 --- [OutputReader-stderr] o.s.b.d.c.c.DockerCli                    :  Container spring-boot-recipes-postgres-1  Starting
2024-05-13T16:47:34.693+03:00  INFO 15440 --- [OutputReader-stderr] o.s.b.d.c.c.DockerCli                    :  Container spring-boot-recipes-postgres-1  Started
2024-05-13T16:47:34.694+03:00  INFO 15440 --- [OutputReader-stderr] o.s.b.d.c.c.DockerCli                    :  Container spring-boot-recipes-postgres-1  Waiting
2024-05-13T16:47:35.198+03:00  INFO 15440 --- [OutputReader-stderr] o.s.b.d.c.c.DockerCli                    :  Container spring-boot-recipes-postgres-1  Healthy
2024-05-13T16:51:00.618+03:00  INFO 16308 --- [main] r.k.DemoApplication                      : Starting DemoApplication using Java 21.0.3 with PID 16308 (D:\Java\spring-boot-recipes\target\classes started by Asher in D:\Java\spring-boot-recipes)
2024-05-13T16:51:00.624+03:00  INFO 16308 --- [main] r.k.DemoApplication                      : No active profile set, falling back to 1 default profile: "default"
2024-05-13T16:51:00.677+03:00  INFO 16308 --- [main] .s.b.d.c.l.DockerComposeLifecycleManager : Using Docker Compose file 'D:\Java\spring-boot-recipes\docker-compose.yaml'
2024-05-13T16:51:10.710+03:00  INFO 16308 --- [OutputReader-stderr] o.s.b.d.c.c.DockerCli                    :  Container spring-boot-recipes-postgres-1  Created
2024-05-13T16:51:10.713+03:00  INFO 16308 --- [OutputReader-stderr] o.s.b.d.c.c.DockerCli                    :  Container spring-boot-recipes-postgres-1  Starting
2024-05-13T16:51:11.038+03:00  INFO 16308 --- [OutputReader-stderr] o.s.b.d.c.c.DockerCli                    :  Container spring-boot-recipes-postgres-1  Started
2024-05-13T16:51:11.039+03:00  INFO 16308 --- [OutputReader-stderr] o.s.b.d.c.c.DockerCli                    :  Container spring-boot-recipes-postgres-1  Waiting
2024-05-13T16:51:11.553+03:00  INFO 16308 --- [OutputReader-stderr] o.s.b.d.c.c.DockerCli                    :  Container spring-boot-recipes-postgres-1  Healthy
2024-05-13T16:53:14.769+03:00 ERROR 16308 --- [main] o.s.b.SpringApplication                  : Application run failed

org.springframework.boot.docker.compose.lifecycle.ReadinessTimeoutException: Readiness timeout of PT2M reached while waiting for services [spring-boot-recipes-postgres-1]
	at org.springframework.boot.docker.compose.lifecycle.ServiceReadinessChecks.waitUntilReady(ServiceReadinessChecks.java:83) ~[spring-boot-docker-compose-3.2.5.jar:3.2.5]
	at org.springframework.boot.docker.compose.lifecycle.DockerComposeLifecycleManager.start(DockerComposeLifecycleManager.java:139) ~[spring-boot-docker-compose-3.2.5.jar:3.2.5]
	at org.springframework.boot.docker.compose.lifecycle.DockerComposeListener.onApplicationEvent(DockerComposeListener.java:53) ~[spring-boot-docker-compose-3.2.5.jar:3.2.5]
	at org.springframework.boot.docker.compose.lifecycle.DockerComposeListener.onApplicationEvent(DockerComposeListener.java:35) ~[spring-boot-docker-compose-3.2.5.jar:3.2.5]
	at org.springframework.context.event.SimpleApplicationEventMulticaster.doInvokeListener(SimpleApplicationEventMulticaster.java:185) ~[spring-context-6.1.6.jar:6.1.6]
	at org.springframework.context.event.SimpleApplicationEventMulticaster.invokeListener(SimpleApplicationEventMulticaster.java:178) ~[spring-context-6.1.6.jar:6.1.6]
	at org.springframework.context.event.SimpleApplicationEventMulticaster.multicastEvent(SimpleApplicationEventMulticaster.java:156) ~[spring-context-6.1.6.jar:6.1.6]
	at org.springframework.context.event.SimpleApplicationEventMulticaster.multicastEvent(SimpleApplicationEventMulticaster.java:138) ~[spring-context-6.1.6.jar:6.1.6]
	at org.springframework.boot.context.event.EventPublishingRunListener.multicastInitialEvent(EventPublishingRunListener.java:136) ~[spring-boot-3.2.5.jar:3.2.5]
	at org.springframework.boot.context.event.EventPublishingRunListener.contextLoaded(EventPublishingRunListener.java:98) ~[spring-boot-3.2.5.jar:3.2.5]
	at org.springframework.boot.SpringApplicationRunListeners.lambda$contextLoaded$4(SpringApplicationRunListeners.java:72) ~[spring-boot-3.2.5.jar:3.2.5]
	at java.base/java.lang.Iterable.forEach(Iterable.java:75) ~[?:?]
	at org.springframework.boot.SpringApplicationRunListeners.doWithListeners(SpringApplicationRunListeners.java:118) ~[spring-boot-3.2.5.jar:3.2.5]
	at org.springframework.boot.SpringApplicationRunListeners.doWithListeners(SpringApplicationRunListeners.java:112) ~[spring-boot-3.2.5.jar:3.2.5]
	at org.springframework.boot.SpringApplicationRunListeners.contextLoaded(SpringApplicationRunListeners.java:72) ~[spring-boot-3.2.5.jar:3.2.5]
	at org.springframework.boot.SpringApplication.prepareContext(SpringApplication.java:432) [spring-boot-3.2.5.jar:3.2.5]
	at org.springframework.boot.SpringApplication.run(SpringApplication.java:333) [spring-boot-3.2.5.jar:3.2.5]
	at org.springframework.boot.SpringApplication.run(SpringApplication.java:1354) [spring-boot-3.2.5.jar:3.2.5]
	at org.springframework.boot.SpringApplication.run(SpringApplication.java:1343) [spring-boot-3.2.5.jar:3.2.5]
	at ru.kors.DemoApplication.main(DemoApplication.java:18) [classes/:?]
	Suppressed: org.springframework.boot.docker.compose.lifecycle.ServiceNotReadyException: Immediate disconnect while connecting to port 60292
		at org.springframework.boot.docker.compose.lifecycle.TcpConnectServiceReadinessCheck.check(TcpConnectServiceReadinessCheck.java:71) ~[spring-boot-docker-compose-3.2.5.jar:3.2.5]
		at org.springframework.boot.docker.compose.lifecycle.TcpConnectServiceReadinessCheck.check(TcpConnectServiceReadinessCheck.java:58) ~[spring-boot-docker-compose-3.2.5.jar:3.2.5]
		at org.springframework.boot.docker.compose.lifecycle.TcpConnectServiceReadinessCheck.check(TcpConnectServiceReadinessCheck.java:48) ~[spring-boot-docker-compose-3.2.5.jar:3.2.5]
		at org.springframework.boot.docker.compose.lifecycle.ServiceReadinessChecks.check(ServiceReadinessChecks.java:97) ~[spring-boot-docker-compose-3.2.5.jar:3.2.5]
		at org.springframework.boot.docker.compose.lifecycle.ServiceReadinessChecks.waitUntilReady(ServiceReadinessChecks.java:77) ~[spring-boot-docker-compose-3.2.5.jar:3.2.5]
		at org.springframework.boot.docker.compose.lifecycle.DockerComposeLifecycleManager.start(DockerComposeLifecycleManager.java:139) ~[spring-boot-docker-compose-3.2.5.jar:3.2.5]
		at org.springframework.boot.docker.compose.lifecycle.DockerComposeListener.onApplicationEvent(DockerComposeListener.java:53) ~[spring-boot-docker-compose-3.2.5.jar:3.2.5]
		at org.springframework.boot.docker.compose.lifecycle.DockerComposeListener.onApplicationEvent(DockerComposeListener.java:35) ~[spring-boot-docker-compose-3.2.5.jar:3.2.5]
		at org.springframework.context.event.SimpleApplicationEventMulticaster.doInvokeListener(SimpleApplicationEventMulticaster.java:185) ~[spring-context-6.1.6.jar:6.1.6]
		at org.springframework.context.event.SimpleApplicationEventMulticaster.invokeListener(SimpleApplicationEventMulticaster.java:178) ~[spring-context-6.1.6.jar:6.1.6]
		at org.springframework.context.event.SimpleApplicationEventMulticaster.multicastEvent(SimpleApplicationEventMulticaster.java:156) ~[spring-context-6.1.6.jar:6.1.6]
		at org.springframework.context.event.SimpleApplicationEventMulticaster.multicastEvent(SimpleApplicationEventMulticaster.java:138) ~[spring-context-6.1.6.jar:6.1.6]
		at org.springframework.boot.context.event.EventPublishingRunListener.multicastInitialEvent(EventPublishingRunListener.java:136) ~[spring-boot-3.2.5.jar:3.2.5]
		at org.springframework.boot.context.event.EventPublishingRunListener.contextLoaded(EventPublishingRunListener.java:98) ~[spring-boot-3.2.5.jar:3.2.5]
		at org.springframework.boot.SpringApplicationRunListeners.lambda$contextLoaded$4(SpringApplicationRunListeners.java:72) ~[spring-boot-3.2.5.jar:3.2.5]
		at java.base/java.lang.Iterable.forEach(Iterable.java:75) ~[?:?]
		at org.springframework.boot.SpringApplicationRunListeners.doWithListeners(SpringApplicationRunListeners.java:118) ~[spring-boot-3.2.5.jar:3.2.5]
		at org.springframework.boot.SpringApplicationRunListeners.doWithListeners(SpringApplicationRunListeners.java:112) ~[spring-boot-3.2.5.jar:3.2.5]
		at org.springframework.boot.SpringApplicationRunListeners.contextLoaded(SpringApplicationRunListeners.java:72) ~[spring-boot-3.2.5.jar:3.2.5]
		at org.springframework.boot.SpringApplication.prepareContext(SpringApplication.java:432) [spring-boot-3.2.5.jar:3.2.5]
		at org.springframework.boot.SpringApplication.run(SpringApplication.java:333) [spring-boot-3.2.5.jar:3.2.5]
		at org.springframework.boot.SpringApplication.run(SpringApplication.java:1354) [spring-boot-3.2.5.jar:3.2.5]
		at org.springframework.boot.SpringApplication.run(SpringApplication.java:1343) [spring-boot-3.2.5.jar:3.2.5]
		at ru.kors.DemoApplication.main(DemoApplication.java:18) [classes/:?]

2024-05-13T16:57:11.542+03:00  INFO 1316 --- [main] r.k.DemoApplication                      : Starting DemoApplication using Java 21.0.3 with PID 1316 (D:\Java\spring-boot-recipes\target\classes started by Asher in D:\Java\spring-boot-recipes)
2024-05-13T16:57:11.552+03:00  INFO 1316 --- [main] r.k.DemoApplication                      : No active profile set, falling back to 1 default profile: "default"
2024-05-13T16:57:11.603+03:00  INFO 1316 --- [main] .s.b.d.c.l.DockerComposeLifecycleManager : Using Docker Compose file 'D:\Java\spring-boot-recipes\docker-compose.yaml'
2024-05-13T16:57:21.681+03:00  INFO 1316 --- [OutputReader-stderr] o.s.b.d.c.c.DockerCli                    :  Container spring-boot-recipes-postgres-1  Recreate
2024-05-13T16:57:21.799+03:00  INFO 1316 --- [OutputReader-stderr] o.s.b.d.c.c.DockerCli                    :  Container spring-boot-recipes-postgres-1  Recreated
2024-05-13T16:57:21.804+03:00  INFO 1316 --- [OutputReader-stderr] o.s.b.d.c.c.DockerCli                    :  Container spring-boot-recipes-postgres-1  Starting
2024-05-13T16:57:22.137+03:00  INFO 1316 --- [OutputReader-stderr] o.s.b.d.c.c.DockerCli                    :  Container spring-boot-recipes-postgres-1  Started
2024-05-13T16:57:22.137+03:00  INFO 1316 --- [OutputReader-stderr] o.s.b.d.c.c.DockerCli                    :  Container spring-boot-recipes-postgres-1  Waiting
2024-05-13T16:57:22.643+03:00  INFO 1316 --- [OutputReader-stderr] o.s.b.d.c.c.DockerCli                    :  Container spring-boot-recipes-postgres-1  Healthy
2024-05-13T16:57:25.884+03:00 ERROR 1316 --- [main] o.s.b.SpringApplication                  : Application run failed

java.lang.IllegalStateException: No host port mapping found for container port 6379
	at org.springframework.util.Assert.state(Assert.java:76) ~[spring-core-6.1.6.jar:6.1.6]
	at org.springframework.boot.docker.compose.core.DefaultConnectionPorts.get(DefaultConnectionPorts.java:100) ~[spring-boot-docker-compose-3.2.5.jar:3.2.5]
	at org.springframework.boot.docker.compose.service.connection.redis.RedisDockerComposeConnectionDetailsFactory$RedisDockerComposeConnectionDetails.<init>(RedisDockerComposeConnectionDetailsFactory.java:55) ~[spring-boot-docker-compose-3.2.5.jar:3.2.5]
	at org.springframework.boot.docker.compose.service.connection.redis.RedisDockerComposeConnectionDetailsFactory.getDockerComposeConnectionDetails(RedisDockerComposeConnectionDetailsFactory.java:42) ~[spring-boot-docker-compose-3.2.5.jar:3.2.5]
	at org.springframework.boot.docker.compose.service.connection.redis.RedisDockerComposeConnectionDetailsFactory.getDockerComposeConnectionDetails(RedisDockerComposeConnectionDetailsFactory.java:32) ~[spring-boot-docker-compose-3.2.5.jar:3.2.5]
	at org.springframework.boot.docker.compose.service.connection.DockerComposeConnectionDetailsFactory.getConnectionDetails(DockerComposeConnectionDetailsFactory.java:80) ~[spring-boot-docker-compose-3.2.5.jar:3.2.5]
	at org.springframework.boot.docker.compose.service.connection.DockerComposeConnectionDetailsFactory.getConnectionDetails(DockerComposeConnectionDetailsFactory.java:41) ~[spring-boot-docker-compose-3.2.5.jar:3.2.5]
	at org.springframework.boot.autoconfigure.service.connection.ConnectionDetailsFactories.getConnectionDetails(ConnectionDetailsFactories.java:80) ~[spring-boot-autoconfigure-3.2.5.jar:3.2.5]
	at org.springframework.boot.docker.compose.service.connection.DockerComposeServiceConnectionsApplicationListener.registerConnectionDetails(DockerComposeServiceConnectionsApplicationListener.java:68) ~[spring-boot-docker-compose-3.2.5.jar:3.2.5]
	at org.springframework.boot.docker.compose.service.connection.DockerComposeServiceConnectionsApplicationListener.onApplicationEvent(DockerComposeServiceConnectionsApplicationListener.java:61) ~[spring-boot-docker-compose-3.2.5.jar:3.2.5]
	at org.springframework.boot.docker.compose.service.connection.DockerComposeServiceConnectionsApplicationListener.onApplicationEvent(DockerComposeServiceConnectionsApplicationListener.java:44) ~[spring-boot-docker-compose-3.2.5.jar:3.2.5]
	at org.springframework.context.event.SimpleApplicationEventMulticaster.doInvokeListener(SimpleApplicationEventMulticaster.java:185) ~[spring-context-6.1.6.jar:6.1.6]
	at org.springframework.context.event.SimpleApplicationEventMulticaster.invokeListener(SimpleApplicationEventMulticaster.java:178) ~[spring-context-6.1.6.jar:6.1.6]
	at org.springframework.context.event.SimpleApplicationEventMulticaster.multicastEvent(SimpleApplicationEventMulticaster.java:156) ~[spring-context-6.1.6.jar:6.1.6]
	at org.springframework.context.event.SimpleApplicationEventMulticaster.multicastEvent(SimpleApplicationEventMulticaster.java:138) ~[spring-context-6.1.6.jar:6.1.6]
	at org.springframework.boot.docker.compose.lifecycle.DockerComposeLifecycleManager.publishEvent(DockerComposeLifecycleManager.java:169) ~[spring-boot-docker-compose-3.2.5.jar:3.2.5]
	at org.springframework.boot.docker.compose.lifecycle.DockerComposeLifecycleManager.start(DockerComposeLifecycleManager.java:141) ~[spring-boot-docker-compose-3.2.5.jar:3.2.5]
	at org.springframework.boot.docker.compose.lifecycle.DockerComposeListener.onApplicationEvent(DockerComposeListener.java:53) ~[spring-boot-docker-compose-3.2.5.jar:3.2.5]
	at org.springframework.boot.docker.compose.lifecycle.DockerComposeListener.onApplicationEvent(DockerComposeListener.java:35) ~[spring-boot-docker-compose-3.2.5.jar:3.2.5]
	at org.springframework.context.event.SimpleApplicationEventMulticaster.doInvokeListener(SimpleApplicationEventMulticaster.java:185) ~[spring-context-6.1.6.jar:6.1.6]
	at org.springframework.context.event.SimpleApplicationEventMulticaster.invokeListener(SimpleApplicationEventMulticaster.java:178) ~[spring-context-6.1.6.jar:6.1.6]
	at org.springframework.context.event.SimpleApplicationEventMulticaster.multicastEvent(SimpleApplicationEventMulticaster.java:156) ~[spring-context-6.1.6.jar:6.1.6]
	at org.springframework.context.event.SimpleApplicationEventMulticaster.multicastEvent(SimpleApplicationEventMulticaster.java:138) ~[spring-context-6.1.6.jar:6.1.6]
	at org.springframework.boot.context.event.EventPublishingRunListener.multicastInitialEvent(EventPublishingRunListener.java:136) ~[spring-boot-3.2.5.jar:3.2.5]
	at org.springframework.boot.context.event.EventPublishingRunListener.contextLoaded(EventPublishingRunListener.java:98) ~[spring-boot-3.2.5.jar:3.2.5]
	at org.springframework.boot.SpringApplicationRunListeners.lambda$contextLoaded$4(SpringApplicationRunListeners.java:72) ~[spring-boot-3.2.5.jar:3.2.5]
	at java.base/java.lang.Iterable.forEach(Iterable.java:75) ~[?:?]
	at org.springframework.boot.SpringApplicationRunListeners.doWithListeners(SpringApplicationRunListeners.java:118) ~[spring-boot-3.2.5.jar:3.2.5]
	at org.springframework.boot.SpringApplicationRunListeners.doWithListeners(SpringApplicationRunListeners.java:112) ~[spring-boot-3.2.5.jar:3.2.5]
	at org.springframework.boot.SpringApplicationRunListeners.contextLoaded(SpringApplicationRunListeners.java:72) ~[spring-boot-3.2.5.jar:3.2.5]
	at org.springframework.boot.SpringApplication.prepareContext(SpringApplication.java:432) [spring-boot-3.2.5.jar:3.2.5]
	at org.springframework.boot.SpringApplication.run(SpringApplication.java:333) [spring-boot-3.2.5.jar:3.2.5]
	at org.springframework.boot.SpringApplication.run(SpringApplication.java:1354) [spring-boot-3.2.5.jar:3.2.5]
	at org.springframework.boot.SpringApplication.run(SpringApplication.java:1343) [spring-boot-3.2.5.jar:3.2.5]
	at ru.kors.DemoApplication.main(DemoApplication.java:18) [classes/:?]

2024-05-13T16:58:54.781+03:00  INFO 14368 --- [main] r.k.DemoApplication                      : Starting DemoApplication using Java 21.0.3 with PID 14368 (D:\Java\spring-boot-recipes\target\classes started by Asher in D:\Java\spring-boot-recipes)
2024-05-13T16:58:54.789+03:00  INFO 14368 --- [main] r.k.DemoApplication                      : No active profile set, falling back to 1 default profile: "default"
2024-05-13T16:58:54.847+03:00  INFO 14368 --- [main] .s.b.d.c.l.DockerComposeLifecycleManager : Using Docker Compose file 'D:\Java\spring-boot-recipes\docker-compose.yaml'
2024-05-13T16:59:04.947+03:00  INFO 14368 --- [OutputReader-stderr] o.s.b.d.c.c.DockerCli                    :  Container spring-boot-recipes-postgres-1  Created
2024-05-13T16:59:04.951+03:00  INFO 14368 --- [OutputReader-stderr] o.s.b.d.c.c.DockerCli                    :  Container spring-boot-recipes-postgres-1  Starting
2024-05-13T16:59:05.271+03:00  INFO 14368 --- [OutputReader-stderr] o.s.b.d.c.c.DockerCli                    :  Container spring-boot-recipes-postgres-1  Started
2024-05-13T16:59:05.272+03:00  INFO 14368 --- [OutputReader-stderr] o.s.b.d.c.c.DockerCli                    :  Container spring-boot-recipes-postgres-1  Waiting
2024-05-13T16:59:05.781+03:00  INFO 14368 --- [OutputReader-stderr] o.s.b.d.c.c.DockerCli                    :  Container spring-boot-recipes-postgres-1  Healthy
2024-05-13T16:59:09.056+03:00 ERROR 14368 --- [main] o.s.b.SpringApplication                  : Application run failed

java.lang.IllegalStateException: No host port mapping found for container port 6379
	at org.springframework.util.Assert.state(Assert.java:76) ~[spring-core-6.1.6.jar:6.1.6]
	at org.springframework.boot.docker.compose.core.DefaultConnectionPorts.get(DefaultConnectionPorts.java:100) ~[spring-boot-docker-compose-3.2.5.jar:3.2.5]
	at org.springframework.boot.docker.compose.service.connection.redis.RedisDockerComposeConnectionDetailsFactory$RedisDockerComposeConnectionDetails.<init>(RedisDockerComposeConnectionDetailsFactory.java:55) ~[spring-boot-docker-compose-3.2.5.jar:3.2.5]
	at org.springframework.boot.docker.compose.service.connection.redis.RedisDockerComposeConnectionDetailsFactory.getDockerComposeConnectionDetails(RedisDockerComposeConnectionDetailsFactory.java:42) ~[spring-boot-docker-compose-3.2.5.jar:3.2.5]
	at org.springframework.boot.docker.compose.service.connection.redis.RedisDockerComposeConnectionDetailsFactory.getDockerComposeConnectionDetails(RedisDockerComposeConnectionDetailsFactory.java:32) ~[spring-boot-docker-compose-3.2.5.jar:3.2.5]
	at org.springframework.boot.docker.compose.service.connection.DockerComposeConnectionDetailsFactory.getConnectionDetails(DockerComposeConnectionDetailsFactory.java:80) ~[spring-boot-docker-compose-3.2.5.jar:3.2.5]
	at org.springframework.boot.docker.compose.service.connection.DockerComposeConnectionDetailsFactory.getConnectionDetails(DockerComposeConnectionDetailsFactory.java:41) ~[spring-boot-docker-compose-3.2.5.jar:3.2.5]
	at org.springframework.boot.autoconfigure.service.connection.ConnectionDetailsFactories.getConnectionDetails(ConnectionDetailsFactories.java:80) ~[spring-boot-autoconfigure-3.2.5.jar:3.2.5]
	at org.springframework.boot.docker.compose.service.connection.DockerComposeServiceConnectionsApplicationListener.registerConnectionDetails(DockerComposeServiceConnectionsApplicationListener.java:68) ~[spring-boot-docker-compose-3.2.5.jar:3.2.5]
	at org.springframework.boot.docker.compose.service.connection.DockerComposeServiceConnectionsApplicationListener.onApplicationEvent(DockerComposeServiceConnectionsApplicationListener.java:61) ~[spring-boot-docker-compose-3.2.5.jar:3.2.5]
	at org.springframework.boot.docker.compose.service.connection.DockerComposeServiceConnectionsApplicationListener.onApplicationEvent(DockerComposeServiceConnectionsApplicationListener.java:44) ~[spring-boot-docker-compose-3.2.5.jar:3.2.5]
	at org.springframework.context.event.SimpleApplicationEventMulticaster.doInvokeListener(SimpleApplicationEventMulticaster.java:185) ~[spring-context-6.1.6.jar:6.1.6]
	at org.springframework.context.event.SimpleApplicationEventMulticaster.invokeListener(SimpleApplicationEventMulticaster.java:178) ~[spring-context-6.1.6.jar:6.1.6]
	at org.springframework.context.event.SimpleApplicationEventMulticaster.multicastEvent(SimpleApplicationEventMulticaster.java:156) ~[spring-context-6.1.6.jar:6.1.6]
	at org.springframework.context.event.SimpleApplicationEventMulticaster.multicastEvent(SimpleApplicationEventMulticaster.java:138) ~[spring-context-6.1.6.jar:6.1.6]
	at org.springframework.boot.docker.compose.lifecycle.DockerComposeLifecycleManager.publishEvent(DockerComposeLifecycleManager.java:169) ~[spring-boot-docker-compose-3.2.5.jar:3.2.5]
	at org.springframework.boot.docker.compose.lifecycle.DockerComposeLifecycleManager.start(DockerComposeLifecycleManager.java:141) ~[spring-boot-docker-compose-3.2.5.jar:3.2.5]
	at org.springframework.boot.docker.compose.lifecycle.DockerComposeListener.onApplicationEvent(DockerComposeListener.java:53) ~[spring-boot-docker-compose-3.2.5.jar:3.2.5]
	at org.springframework.boot.docker.compose.lifecycle.DockerComposeListener.onApplicationEvent(DockerComposeListener.java:35) ~[spring-boot-docker-compose-3.2.5.jar:3.2.5]
	at org.springframework.context.event.SimpleApplicationEventMulticaster.doInvokeListener(SimpleApplicationEventMulticaster.java:185) ~[spring-context-6.1.6.jar:6.1.6]
	at org.springframework.context.event.SimpleApplicationEventMulticaster.invokeListener(SimpleApplicationEventMulticaster.java:178) ~[spring-context-6.1.6.jar:6.1.6]
	at org.springframework.context.event.SimpleApplicationEventMulticaster.multicastEvent(SimpleApplicationEventMulticaster.java:156) ~[spring-context-6.1.6.jar:6.1.6]
	at org.springframework.context.event.SimpleApplicationEventMulticaster.multicastEvent(SimpleApplicationEventMulticaster.java:138) ~[spring-context-6.1.6.jar:6.1.6]
	at org.springframework.boot.context.event.EventPublishingRunListener.multicastInitialEvent(EventPublishingRunListener.java:136) ~[spring-boot-3.2.5.jar:3.2.5]
	at org.springframework.boot.context.event.EventPublishingRunListener.contextLoaded(EventPublishingRunListener.java:98) ~[spring-boot-3.2.5.jar:3.2.5]
	at org.springframework.boot.SpringApplicationRunListeners.lambda$contextLoaded$4(SpringApplicationRunListeners.java:72) ~[spring-boot-3.2.5.jar:3.2.5]
	at java.base/java.lang.Iterable.forEach(Iterable.java:75) ~[?:?]
	at org.springframework.boot.SpringApplicationRunListeners.doWithListeners(SpringApplicationRunListeners.java:118) ~[spring-boot-3.2.5.jar:3.2.5]
	at org.springframework.boot.SpringApplicationRunListeners.doWithListeners(SpringApplicationRunListeners.java:112) ~[spring-boot-3.2.5.jar:3.2.5]
	at org.springframework.boot.SpringApplicationRunListeners.contextLoaded(SpringApplicationRunListeners.java:72) ~[spring-boot-3.2.5.jar:3.2.5]
	at org.springframework.boot.SpringApplication.prepareContext(SpringApplication.java:432) [spring-boot-3.2.5.jar:3.2.5]
	at org.springframework.boot.SpringApplication.run(SpringApplication.java:333) [spring-boot-3.2.5.jar:3.2.5]
	at org.springframework.boot.SpringApplication.run(SpringApplication.java:1354) [spring-boot-3.2.5.jar:3.2.5]
	at org.springframework.boot.SpringApplication.run(SpringApplication.java:1343) [spring-boot-3.2.5.jar:3.2.5]
	at ru.kors.DemoApplication.main(DemoApplication.java:18) [classes/:?]

2024-05-13T16:59:31.831+03:00  INFO 2524 --- [main] r.k.DemoApplication                      : Starting DemoApplication using Java 21.0.3 with PID 2524 (D:\Java\spring-boot-recipes\target\classes started by Asher in D:\Java\spring-boot-recipes)
2024-05-13T16:59:31.839+03:00  INFO 2524 --- [main] r.k.DemoApplication                      : No active profile set, falling back to 1 default profile: "default"
2024-05-13T16:59:31.890+03:00  INFO 2524 --- [main] .s.b.d.c.l.DockerComposeLifecycleManager : Using Docker Compose file 'D:\Java\spring-boot-recipes\docker-compose.yaml'
2024-05-13T16:59:42.120+03:00  INFO 2524 --- [OutputReader-stderr] o.s.b.d.c.c.DockerCli                    :  Container spring-boot-recipes-postgres-1  Recreate
2024-05-13T16:59:42.217+03:00  INFO 2524 --- [OutputReader-stderr] o.s.b.d.c.c.DockerCli                    :  Container spring-boot-recipes-postgres-1  Recreated
2024-05-13T16:59:42.222+03:00  INFO 2524 --- [OutputReader-stderr] o.s.b.d.c.c.DockerCli                    :  Container spring-boot-recipes-postgres-1  Starting
2024-05-13T16:59:42.629+03:00  INFO 2524 --- [OutputReader-stderr] o.s.b.d.c.c.DockerCli                    :  Container spring-boot-recipes-postgres-1  Started
2024-05-13T16:59:42.630+03:00  INFO 2524 --- [OutputReader-stderr] o.s.b.d.c.c.DockerCli                    :  Container spring-boot-recipes-postgres-1  Waiting
2024-05-13T16:59:43.140+03:00  INFO 2524 --- [OutputReader-stderr] o.s.b.d.c.c.DockerCli                    :  Container spring-boot-recipes-postgres-1  Healthy
2024-05-13T16:59:46.396+03:00 ERROR 2524 --- [main] o.s.b.SpringApplication                  : Application run failed

java.lang.IllegalStateException: No host port mapping found for container port 5432
	at org.springframework.util.Assert.state(Assert.java:76) ~[spring-core-6.1.6.jar:6.1.6]
	at org.springframework.boot.docker.compose.core.DefaultConnectionPorts.get(DefaultConnectionPorts.java:100) ~[spring-boot-docker-compose-3.2.5.jar:3.2.5]
	at org.springframework.boot.docker.compose.service.connection.jdbc.JdbcUrlBuilder.urlFor(JdbcUrlBuilder.java:73) ~[spring-boot-docker-compose-3.2.5.jar:3.2.5]
	at org.springframework.boot.docker.compose.service.connection.jdbc.JdbcUrlBuilder.build(JdbcUrlBuilder.java:66) ~[spring-boot-docker-compose-3.2.5.jar:3.2.5]
	at org.springframework.boot.docker.compose.service.connection.postgres.PostgresJdbcDockerComposeConnectionDetailsFactory$PostgresJdbcDockerComposeConnectionDetails.<init>(PostgresJdbcDockerComposeConnectionDetailsFactory.java:60) ~[spring-boot-docker-compose-3.2.5.jar:3.2.5]
	at org.springframework.boot.docker.compose.service.connection.postgres.PostgresJdbcDockerComposeConnectionDetailsFactory.getDockerComposeConnectionDetails(PostgresJdbcDockerComposeConnectionDetailsFactory.java:42) ~[spring-boot-docker-compose-3.2.5.jar:3.2.5]
	at org.springframework.boot.docker.compose.service.connection.postgres.PostgresJdbcDockerComposeConnectionDetailsFactory.getDockerComposeConnectionDetails(PostgresJdbcDockerComposeConnectionDetailsFactory.java:33) ~[spring-boot-docker-compose-3.2.5.jar:3.2.5]
	at org.springframework.boot.docker.compose.service.connection.DockerComposeConnectionDetailsFactory.getConnectionDetails(DockerComposeConnectionDetailsFactory.java:80) ~[spring-boot-docker-compose-3.2.5.jar:3.2.5]
	at org.springframework.boot.docker.compose.service.connection.DockerComposeConnectionDetailsFactory.getConnectionDetails(DockerComposeConnectionDetailsFactory.java:41) ~[spring-boot-docker-compose-3.2.5.jar:3.2.5]
	at org.springframework.boot.autoconfigure.service.connection.ConnectionDetailsFactories.getConnectionDetails(ConnectionDetailsFactories.java:80) ~[spring-boot-autoconfigure-3.2.5.jar:3.2.5]
	at org.springframework.boot.docker.compose.service.connection.DockerComposeServiceConnectionsApplicationListener.registerConnectionDetails(DockerComposeServiceConnectionsApplicationListener.java:68) ~[spring-boot-docker-compose-3.2.5.jar:3.2.5]
	at org.springframework.boot.docker.compose.service.connection.DockerComposeServiceConnectionsApplicationListener.onApplicationEvent(DockerComposeServiceConnectionsApplicationListener.java:61) ~[spring-boot-docker-compose-3.2.5.jar:3.2.5]
	at org.springframework.boot.docker.compose.service.connection.DockerComposeServiceConnectionsApplicationListener.onApplicationEvent(DockerComposeServiceConnectionsApplicationListener.java:44) ~[spring-boot-docker-compose-3.2.5.jar:3.2.5]
	at org.springframework.context.event.SimpleApplicationEventMulticaster.doInvokeListener(SimpleApplicationEventMulticaster.java:185) ~[spring-context-6.1.6.jar:6.1.6]
	at org.springframework.context.event.SimpleApplicationEventMulticaster.invokeListener(SimpleApplicationEventMulticaster.java:178) ~[spring-context-6.1.6.jar:6.1.6]
	at org.springframework.context.event.SimpleApplicationEventMulticaster.multicastEvent(SimpleApplicationEventMulticaster.java:156) ~[spring-context-6.1.6.jar:6.1.6]
	at org.springframework.context.event.SimpleApplicationEventMulticaster.multicastEvent(SimpleApplicationEventMulticaster.java:138) ~[spring-context-6.1.6.jar:6.1.6]
	at org.springframework.boot.docker.compose.lifecycle.DockerComposeLifecycleManager.publishEvent(DockerComposeLifecycleManager.java:169) ~[spring-boot-docker-compose-3.2.5.jar:3.2.5]
	at org.springframework.boot.docker.compose.lifecycle.DockerComposeLifecycleManager.start(DockerComposeLifecycleManager.java:141) ~[spring-boot-docker-compose-3.2.5.jar:3.2.5]
	at org.springframework.boot.docker.compose.lifecycle.DockerComposeListener.onApplicationEvent(DockerComposeListener.java:53) ~[spring-boot-docker-compose-3.2.5.jar:3.2.5]
	at org.springframework.boot.docker.compose.lifecycle.DockerComposeListener.onApplicationEvent(DockerComposeListener.java:35) ~[spring-boot-docker-compose-3.2.5.jar:3.2.5]
	at org.springframework.context.event.SimpleApplicationEventMulticaster.doInvokeListener(SimpleApplicationEventMulticaster.java:185) ~[spring-context-6.1.6.jar:6.1.6]
	at org.springframework.context.event.SimpleApplicationEventMulticaster.invokeListener(SimpleApplicationEventMulticaster.java:178) ~[spring-context-6.1.6.jar:6.1.6]
	at org.springframework.context.event.SimpleApplicationEventMulticaster.multicastEvent(SimpleApplicationEventMulticaster.java:156) ~[spring-context-6.1.6.jar:6.1.6]
	at org.springframework.context.event.SimpleApplicationEventMulticaster.multicastEvent(SimpleApplicationEventMulticaster.java:138) ~[spring-context-6.1.6.jar:6.1.6]
	at org.springframework.boot.context.event.EventPublishingRunListener.multicastInitialEvent(EventPublishingRunListener.java:136) ~[spring-boot-3.2.5.jar:3.2.5]
	at org.springframework.boot.context.event.EventPublishingRunListener.contextLoaded(EventPublishingRunListener.java:98) ~[spring-boot-3.2.5.jar:3.2.5]
	at org.springframework.boot.SpringApplicationRunListeners.lambda$contextLoaded$4(SpringApplicationRunListeners.java:72) ~[spring-boot-3.2.5.jar:3.2.5]
	at java.base/java.lang.Iterable.forEach(Iterable.java:75) ~[?:?]
	at org.springframework.boot.SpringApplicationRunListeners.doWithListeners(SpringApplicationRunListeners.java:118) ~[spring-boot-3.2.5.jar:3.2.5]
	at org.springframework.boot.SpringApplicationRunListeners.doWithListeners(SpringApplicationRunListeners.java:112) ~[spring-boot-3.2.5.jar:3.2.5]
	at org.springframework.boot.SpringApplicationRunListeners.contextLoaded(SpringApplicationRunListeners.java:72) ~[spring-boot-3.2.5.jar:3.2.5]
	at org.springframework.boot.SpringApplication.prepareContext(SpringApplication.java:432) [spring-boot-3.2.5.jar:3.2.5]
	at org.springframework.boot.SpringApplication.run(SpringApplication.java:333) [spring-boot-3.2.5.jar:3.2.5]
	at org.springframework.boot.SpringApplication.run(SpringApplication.java:1354) [spring-boot-3.2.5.jar:3.2.5]
	at org.springframework.boot.SpringApplication.run(SpringApplication.java:1343) [spring-boot-3.2.5.jar:3.2.5]
	at ru.kors.DemoApplication.main(DemoApplication.java:18) [classes/:?]

2024-05-13T16:59:51.850+03:00  INFO 23656 --- [main] r.k.DemoApplication                      : Starting DemoApplication using Java 21.0.3 with PID 23656 (D:\Java\spring-boot-recipes\target\classes started by Asher in D:\Java\spring-boot-recipes)
2024-05-13T16:59:51.862+03:00  INFO 23656 --- [main] r.k.DemoApplication                      : No active profile set, falling back to 1 default profile: "default"
2024-05-13T16:59:51.908+03:00  INFO 23656 --- [main] .s.b.d.c.l.DockerComposeLifecycleManager : Using Docker Compose file 'D:\Java\spring-boot-recipes\docker-compose.yaml'
2024-05-13T17:00:02.110+03:00  INFO 23656 --- [OutputReader-stderr] o.s.b.d.c.c.DockerCli                    :  Container spring-boot-recipes-postgres-1  Created
2024-05-13T17:00:02.114+03:00  INFO 23656 --- [OutputReader-stderr] o.s.b.d.c.c.DockerCli                    :  Container spring-boot-recipes-postgres-1  Starting
2024-05-13T17:00:02.632+03:00  INFO 23656 --- [OutputReader-stderr] o.s.b.d.c.c.DockerCli                    :  Container spring-boot-recipes-postgres-1  Started
2024-05-13T17:00:02.633+03:00  INFO 23656 --- [OutputReader-stderr] o.s.b.d.c.c.DockerCli                    :  Container spring-boot-recipes-postgres-1  Waiting
2024-05-13T17:00:03.140+03:00  INFO 23656 --- [OutputReader-stderr] o.s.b.d.c.c.DockerCli                    :  Container spring-boot-recipes-postgres-1  Healthy
2024-05-13T17:00:06.417+03:00 ERROR 23656 --- [main] o.s.b.SpringApplication                  : Application run failed

java.lang.IllegalStateException: No host port mapping found for container port 5432
	at org.springframework.util.Assert.state(Assert.java:76) ~[spring-core-6.1.6.jar:6.1.6]
	at org.springframework.boot.docker.compose.core.DefaultConnectionPorts.get(DefaultConnectionPorts.java:100) ~[spring-boot-docker-compose-3.2.5.jar:3.2.5]
	at org.springframework.boot.docker.compose.service.connection.jdbc.JdbcUrlBuilder.urlFor(JdbcUrlBuilder.java:73) ~[spring-boot-docker-compose-3.2.5.jar:3.2.5]
	at org.springframework.boot.docker.compose.service.connection.jdbc.JdbcUrlBuilder.build(JdbcUrlBuilder.java:66) ~[spring-boot-docker-compose-3.2.5.jar:3.2.5]
	at org.springframework.boot.docker.compose.service.connection.postgres.PostgresJdbcDockerComposeConnectionDetailsFactory$PostgresJdbcDockerComposeConnectionDetails.<init>(PostgresJdbcDockerComposeConnectionDetailsFactory.java:60) ~[spring-boot-docker-compose-3.2.5.jar:3.2.5]
	at org.springframework.boot.docker.compose.service.connection.postgres.PostgresJdbcDockerComposeConnectionDetailsFactory.getDockerComposeConnectionDetails(PostgresJdbcDockerComposeConnectionDetailsFactory.java:42) ~[spring-boot-docker-compose-3.2.5.jar:3.2.5]
	at org.springframework.boot.docker.compose.service.connection.postgres.PostgresJdbcDockerComposeConnectionDetailsFactory.getDockerComposeConnectionDetails(PostgresJdbcDockerComposeConnectionDetailsFactory.java:33) ~[spring-boot-docker-compose-3.2.5.jar:3.2.5]
	at org.springframework.boot.docker.compose.service.connection.DockerComposeConnectionDetailsFactory.getConnectionDetails(DockerComposeConnectionDetailsFactory.java:80) ~[spring-boot-docker-compose-3.2.5.jar:3.2.5]
	at org.springframework.boot.docker.compose.service.connection.DockerComposeConnectionDetailsFactory.getConnectionDetails(DockerComposeConnectionDetailsFactory.java:41) ~[spring-boot-docker-compose-3.2.5.jar:3.2.5]
	at org.springframework.boot.autoconfigure.service.connection.ConnectionDetailsFactories.getConnectionDetails(ConnectionDetailsFactories.java:80) ~[spring-boot-autoconfigure-3.2.5.jar:3.2.5]
	at org.springframework.boot.docker.compose.service.connection.DockerComposeServiceConnectionsApplicationListener.registerConnectionDetails(DockerComposeServiceConnectionsApplicationListener.java:68) ~[spring-boot-docker-compose-3.2.5.jar:3.2.5]
	at org.springframework.boot.docker.compose.service.connection.DockerComposeServiceConnectionsApplicationListener.onApplicationEvent(DockerComposeServiceConnectionsApplicationListener.java:61) ~[spring-boot-docker-compose-3.2.5.jar:3.2.5]
	at org.springframework.boot.docker.compose.service.connection.DockerComposeServiceConnectionsApplicationListener.onApplicationEvent(DockerComposeServiceConnectionsApplicationListener.java:44) ~[spring-boot-docker-compose-3.2.5.jar:3.2.5]
	at org.springframework.context.event.SimpleApplicationEventMulticaster.doInvokeListener(SimpleApplicationEventMulticaster.java:185) ~[spring-context-6.1.6.jar:6.1.6]
	at org.springframework.context.event.SimpleApplicationEventMulticaster.invokeListener(SimpleApplicationEventMulticaster.java:178) ~[spring-context-6.1.6.jar:6.1.6]
	at org.springframework.context.event.SimpleApplicationEventMulticaster.multicastEvent(SimpleApplicationEventMulticaster.java:156) ~[spring-context-6.1.6.jar:6.1.6]
	at org.springframework.context.event.SimpleApplicationEventMulticaster.multicastEvent(SimpleApplicationEventMulticaster.java:138) ~[spring-context-6.1.6.jar:6.1.6]
	at org.springframework.boot.docker.compose.lifecycle.DockerComposeLifecycleManager.publishEvent(DockerComposeLifecycleManager.java:169) ~[spring-boot-docker-compose-3.2.5.jar:3.2.5]
	at org.springframework.boot.docker.compose.lifecycle.DockerComposeLifecycleManager.start(DockerComposeLifecycleManager.java:141) ~[spring-boot-docker-compose-3.2.5.jar:3.2.5]
	at org.springframework.boot.docker.compose.lifecycle.DockerComposeListener.onApplicationEvent(DockerComposeListener.java:53) ~[spring-boot-docker-compose-3.2.5.jar:3.2.5]
	at org.springframework.boot.docker.compose.lifecycle.DockerComposeListener.onApplicationEvent(DockerComposeListener.java:35) ~[spring-boot-docker-compose-3.2.5.jar:3.2.5]
	at org.springframework.context.event.SimpleApplicationEventMulticaster.doInvokeListener(SimpleApplicationEventMulticaster.java:185) ~[spring-context-6.1.6.jar:6.1.6]
	at org.springframework.context.event.SimpleApplicationEventMulticaster.invokeListener(SimpleApplicationEventMulticaster.java:178) ~[spring-context-6.1.6.jar:6.1.6]
	at org.springframework.context.event.SimpleApplicationEventMulticaster.multicastEvent(SimpleApplicationEventMulticaster.java:156) ~[spring-context-6.1.6.jar:6.1.6]
	at org.springframework.context.event.SimpleApplicationEventMulticaster.multicastEvent(SimpleApplicationEventMulticaster.java:138) ~[spring-context-6.1.6.jar:6.1.6]
	at org.springframework.boot.context.event.EventPublishingRunListener.multicastInitialEvent(EventPublishingRunListener.java:136) ~[spring-boot-3.2.5.jar:3.2.5]
	at org.springframework.boot.context.event.EventPublishingRunListener.contextLoaded(EventPublishingRunListener.java:98) ~[spring-boot-3.2.5.jar:3.2.5]
	at org.springframework.boot.SpringApplicationRunListeners.lambda$contextLoaded$4(SpringApplicationRunListeners.java:72) ~[spring-boot-3.2.5.jar:3.2.5]
	at java.base/java.lang.Iterable.forEach(Iterable.java:75) ~[?:?]
	at org.springframework.boot.SpringApplicationRunListeners.doWithListeners(SpringApplicationRunListeners.java:118) ~[spring-boot-3.2.5.jar:3.2.5]
	at org.springframework.boot.SpringApplicationRunListeners.doWithListeners(SpringApplicationRunListeners.java:112) ~[spring-boot-3.2.5.jar:3.2.5]
	at org.springframework.boot.SpringApplicationRunListeners.contextLoaded(SpringApplicationRunListeners.java:72) ~[spring-boot-3.2.5.jar:3.2.5]
	at org.springframework.boot.SpringApplication.prepareContext(SpringApplication.java:432) [spring-boot-3.2.5.jar:3.2.5]
	at org.springframework.boot.SpringApplication.run(SpringApplication.java:333) [spring-boot-3.2.5.jar:3.2.5]
	at org.springframework.boot.SpringApplication.run(SpringApplication.java:1354) [spring-boot-3.2.5.jar:3.2.5]
	at org.springframework.boot.SpringApplication.run(SpringApplication.java:1343) [spring-boot-3.2.5.jar:3.2.5]
	at ru.kors.DemoApplication.main(DemoApplication.java:18) [classes/:?]

2024-05-13T17:00:15.221+03:00  INFO 3056 --- [main] r.k.DemoApplication                      : Starting DemoApplication using Java 21.0.3 with PID 3056 (D:\Java\spring-boot-recipes\target\classes started by Asher in D:\Java\spring-boot-recipes)
2024-05-13T17:00:15.228+03:00  INFO 3056 --- [main] r.k.DemoApplication                      : No active profile set, falling back to 1 default profile: "default"
2024-05-13T17:00:15.281+03:00  INFO 3056 --- [main] .s.b.d.c.l.DockerComposeLifecycleManager : Using Docker Compose file 'D:\Java\spring-boot-recipes\docker-compose.yaml'
2024-05-13T17:00:25.324+03:00  INFO 3056 --- [OutputReader-stderr] o.s.b.d.c.c.DockerCli                    :  Container spring-boot-recipes-postgres-1  Recreate
2024-05-13T17:00:25.456+03:00  INFO 3056 --- [OutputReader-stderr] o.s.b.d.c.c.DockerCli                    :  Container spring-boot-recipes-postgres-1  Recreated
2024-05-13T17:00:25.462+03:00  INFO 3056 --- [OutputReader-stderr] o.s.b.d.c.c.DockerCli                    :  Container spring-boot-recipes-postgres-1  Starting
2024-05-13T17:00:25.814+03:00  INFO 3056 --- [OutputReader-stderr] o.s.b.d.c.c.DockerCli                    :  Container spring-boot-recipes-postgres-1  Started
2024-05-13T17:00:25.815+03:00  INFO 3056 --- [OutputReader-stderr] o.s.b.d.c.c.DockerCli                    :  Container spring-boot-recipes-postgres-1  Waiting
2024-05-13T17:00:26.320+03:00  INFO 3056 --- [OutputReader-stderr] o.s.b.d.c.c.DockerCli                    :  Container spring-boot-recipes-postgres-1  Healthy
2024-05-13T17:00:30.069+03:00  INFO 3056 --- [main] .s.d.r.c.RepositoryConfigurationDelegate : Bootstrapping Spring Data JDBC repositories in DEFAULT mode.
2024-05-13T17:00:30.088+03:00  INFO 3056 --- [main] .s.d.r.c.RepositoryConfigurationDelegate : Finished Spring Data repository scanning in 14 ms. Found 0 JDBC repository interfaces.
2024-05-13T17:00:30.479+03:00  INFO 3056 --- [main] o.s.b.w.e.t.TomcatWebServer              : Tomcat initialized with port 8080 (http)
2024-05-13T17:00:30.499+03:00  INFO 3056 --- [main] o.a.c.c.StandardService                  : Starting service [Tomcat]
2024-05-13T17:00:30.500+03:00  INFO 3056 --- [main] o.a.c.c.StandardEngine                   : Starting Servlet engine: [Apache Tomcat/10.1.20]
2024-05-13T17:00:30.549+03:00  INFO 3056 --- [main] o.a.c.c.C.[.[.[/]                        : Initializing Spring embedded WebApplicationContext
2024-05-13T17:00:30.549+03:00  INFO 3056 --- [main] w.s.c.ServletWebServerApplicationContext : Root WebApplicationContext: initialization completed in 1009 ms
2024-05-13T17:00:30.763+03:00 DEBUG 3056 --- [main] s.w.s.m.m.a.RequestMappingHandlerMapping : 3 mappings in 'requestMappingHandlerMapping'
2024-05-13T17:00:30.832+03:00 DEBUG 3056 --- [main] o.s.w.s.h.SimpleUrlHandlerMapping        : Patterns [/webjars/**, /**] in 'resourceHandlerMapping'
2024-05-13T17:00:30.868+03:00 DEBUG 3056 --- [main] s.w.s.m.m.a.RequestMappingHandlerAdapter : ControllerAdvice beans: 0 @ModelAttribute, 0 @InitBinder, 1 RequestBodyAdvice, 1 ResponseBodyAdvice
2024-05-13T17:00:30.900+03:00 DEBUG 3056 --- [main] .m.m.a.ExceptionHandlerExceptionResolver : ControllerAdvice beans: 0 @ExceptionHandler, 1 ResponseBodyAdvice
2024-05-13T17:00:30.956+03:00  INFO 3056 --- [main] c.z.h.HikariDataSource                   : HikariPool-1 - Starting...
2024-05-13T17:00:31.116+03:00  INFO 3056 --- [main] c.z.h.p.HikariPool                       : HikariPool-1 - Added connection org.postgresql.jdbc.PgConnection@5be51aa
2024-05-13T17:00:31.117+03:00  INFO 3056 --- [main] c.z.h.HikariDataSource                   : HikariPool-1 - Start completed.
2024-05-13T17:00:31.291+03:00  INFO 3056 --- [main] o.s.b.w.e.t.TomcatWebServer              : Tomcat started on port 8080 (http) with context path ''
2024-05-13T17:00:31.297+03:00  INFO 3056 --- [main] r.k.DemoApplication                      : Started DemoApplication in 16.5 seconds (process running for 17.166)
2024-05-13T17:00:44.343+03:00  INFO 3056 --- [SpringApplicationShutdownHook] c.z.h.HikariDataSource                   : HikariPool-1 - Shutdown initiated...
2024-05-13T17:00:44.347+03:00  INFO 3056 --- [SpringApplicationShutdownHook] c.z.h.HikariDataSource                   : HikariPool-1 - Shutdown completed.
